Score: 0.4540  Scores: [0.48808178453637946, 0.4462730923354042, 0.41478147052925113, 0.4549388894218626, 0.47166711940190476, 0.44852491069282413]
Score: 0.4540  Scores: [0.48808178453637946, 0.4462730923354042, 0.41478147052925113, 0.4549388894218626, 0.47166711940190476, 0.44852491069282413]
Score: 0.4540  Scores: [0.48808178453637946, 0.4462730923354042, 0.41478147052925113, 0.4549388894218626, 0.47166711940190476, 0.44852491069282413]
Score: 0.4540  Scores: [0.48808178453637946, 0.4462730923354042, 0.41478147052925113, 0.4549388894218626, 0.47166711940190476, 0.44852491069282413]
Score: 0.4540  Scores: [0.48808178453637946, 0.4462730923354042, 0.41478147052925113, 0.4549388894218626, 0.47166711940190476, 0.44852491069282413]
Score: 0.4540  Scores: [0.48808178453637946, 0.4462730923354042, 0.41478147052925113, 0.4549388894218626, 0.47166711940190476, 0.44852491069282413]
Score: 0.4540  Scores: [0.48808178453637946, 0.4462730923354042, 0.41478147052925113, 0.4549388894218626, 0.47166711940190476, 0.44852491069282413]
Score: 0.4540  Scores: [0.48808178453637946, 0.4462730923354042, 0.41478147052925113, 0.4549388894218626, 0.47166711940190476, 0.44852491069282413]
Score: 0.4540  Scores: [0.48808178453637946, 0.4462730923354042, 0.41478147052925113, 0.4549388894218626, 0.47166711940190476, 0.44852491069282413]
Score: 0.4540  Scores: [0.48808178453637946, 0.4462730923354042, 0.41478147052925113, 0.4549388894218626, 0.47166711940190476, 0.44852491069282413]
Score: 0.4540  Scores: [0.48808178453637946, 0.4462730923354042, 0.41478147052925113, 0.4549388894218626, 0.47166711940190476, 0.44852491069282413]
Score: 0.4540  Scores: [0.48808178453637946, 0.4462730923354042, 0.41478147052925113, 0.4549388894218626, 0.47166711940190476, 0.44852491069282413]
Score: 0.4540  Scores: [0.48808178453637946, 0.4462730923354042, 0.41478147052925113, 0.4549388894218626, 0.47166711940190476, 0.44852491069282413]
Score: 0.4540  Scores: [0.48808178453637946, 0.4462730923354042, 0.41478147052925113, 0.4549388894218626, 0.47166711940190476, 0.44852491069282413]
Score: 0.4540  Scores: [0.48808178453637946, 0.4462730923354042, 0.41478147052925113, 0.4549388894218626, 0.47166711940190476, 0.44852491069282413]
Score: 0.4540  Scores: [0.48808178453637946, 0.4462730923354042, 0.41478147052925113, 0.4549388894218626, 0.47166711940190476, 0.44852491069282413]
Score: 0.4540  Scores: [0.48808178453637946, 0.4462730923354042, 0.41478147052925113, 0.4549388894218626, 0.47166711940190476, 0.44852491069282413]
Score: 0.4540  Scores: [0.48808178453637946, 0.4462730923354042, 0.41478147052925113, 0.4549388894218626, 0.47166711940190476, 0.44852491069282413]
Score: 0.4540  Scores: [0.48808178453637946, 0.4462730923354042, 0.41478147052925113, 0.4549388894218626, 0.47166711940190476, 0.44852491069282413]
Score: 0.4540  Scores: [0.48808178453637946, 0.4462730923354042, 0.41478147052925113, 0.4549388894218626, 0.47166711940190476, 0.44852491069282413]
Score: 0.4540  Scores: [0.48808178453637946, 0.4462730923354042, 0.41478147052925113, 0.4549388894218626, 0.47166711940190476, 0.44852491069282413]
Score: 0.4540  Scores: [0.48808178453637946, 0.4462730923354042, 0.41478147052925113, 0.4549388894218626, 0.47166711940190476, 0.44852491069282413]
Score: 0.4540  Scores: [0.48808178453637946, 0.4462730923354042, 0.41478147052925113, 0.4549388894218626, 0.47166711940190476, 0.44852491069282413]
Score: 0.4540  Scores: [0.48808178453637946, 0.4462730923354042, 0.41478147052925113, 0.4549388894218626, 0.47166711940190476, 0.44852491069282413]
Score: 0.4540  Scores: [0.48808178453637946, 0.4462730923354042, 0.41478147052925113, 0.4549388894218626, 0.47166711940190476, 0.44852491069282413]
Score: 0.4540  Scores: [0.48808178453637946, 0.4462730923354042, 0.41478147052925113, 0.4549388894218626, 0.47166711940190476, 0.44852491069282413]
Score: 0.4540  Scores: [0.48808178453637946, 0.4462730923354042, 0.41478147052925113, 0.4549388894218626, 0.47166711940190476, 0.44852491069282413]
Score: 0.4540  Scores: [0.48808178453637946, 0.4462730923354042, 0.41478147052925113, 0.4549388894218626, 0.47166711940190476, 0.44852491069282413]
Score: 0.4540  Scores: [0.48808178453637946, 0.4462730923354042, 0.41478147052925113, 0.4549388894218626, 0.47166711940190476, 0.44852491069282413]
Score: 0.4540  Scores: [0.48808178453637946, 0.4462730923354042, 0.41478147052925113, 0.4549388894218626, 0.47166711940190476, 0.44852491069282413]
Score: 0.4540  Scores: [0.48808178453637946, 0.4462730923354042, 0.41478147052925113, 0.4549388894218626, 0.47166711940190476, 0.44852491069282413]
Score: 0.4540  Scores: [0.48808178453637946, 0.4462730923354042, 0.41478147052925113, 0.4549388894218626, 0.47166711940190476, 0.44852491069282413]
Score: 0.4540  Scores: [0.48808178453637946, 0.4462730923354042, 0.41478147052925113, 0.4549388894218626, 0.47166711940190476, 0.44852491069282413]
Score: 0.4540  Scores: [0.48808178453637946, 0.4462730923354042, 0.41478147052925113, 0.4549388894218626, 0.47166711940190476, 0.44852491069282413]
Score: 0.4540  Scores: [0.48808178453637946, 0.4462730923354042, 0.41478147052925113, 0.4549388894218626, 0.47166711940190476, 0.44852491069282413]
Score: 0.4540  Scores: [0.48808178453637946, 0.4462730923354042, 0.41478147052925113, 0.4549388894218626, 0.47166711940190476, 0.44852491069282413]
Score: 0.4540  Scores: [0.48808178453637946, 0.4462730923354042, 0.41478147052925113, 0.4549388894218626, 0.47166711940190476, 0.44852491069282413]
Score: 0.4540  Scores: [0.48808178453637946, 0.4462730923354042, 0.41478147052925113, 0.4549388894218626, 0.47166711940190476, 0.44852491069282413]
Score: 0.4540  Scores: [0.48808178453637946, 0.4462730923354042, 0.41478147052925113, 0.4549388894218626, 0.47166711940190476, 0.44852491069282413]
Score: 0.4540  Scores: [0.48808178453637946, 0.4462730923354042, 0.41478147052925113, 0.4549388894218626, 0.47166711940190476, 0.44852491069282413]
Score: 0.4540  Scores: [0.48808178453637946, 0.4462730923354042, 0.41478147052925113, 0.4549388894218626, 0.47166711940190476, 0.44852491069282413]
Score: 0.4540  Scores: [0.48808178453637946, 0.4462730923354042, 0.41478147052925113, 0.4549388894218626, 0.47166711940190476, 0.44852491069282413]
Score: 0.4540  Scores: [0.48808178453637946, 0.4462730923354042, 0.41478147052925113, 0.4549388894218626, 0.47166711940190476, 0.44852491069282413]
Score: 0.4540  Scores: [0.48808178453637946, 0.4462730923354042, 0.41478147052925113, 0.4549388894218626, 0.47166711940190476, 0.44852491069282413]
Score: 0.4540  Scores: [0.48808178453637946, 0.4462730923354042, 0.41478147052925113, 0.4549388894218626, 0.47166711940190476, 0.44852491069282413]
Score: 0.4540  Scores: [0.48808178453637946, 0.4462730923354042, 0.41478147052925113, 0.4549388894218626, 0.47166711940190476, 0.44852491069282413]
Score: 0.4540  Scores: [0.48808178453637946, 0.4462730923354042, 0.41478147052925113, 0.4549388894218626, 0.47166711940190476, 0.44852491069282413]
Score: 0.4540  Scores: [0.48808178453637946, 0.4462730923354042, 0.41478147052925113, 0.4549388894218626, 0.47166711940190476, 0.44852491069282413]
Score: 0.4540  Scores: [0.48808178453637946, 0.4462730923354042, 0.41478147052925113, 0.4549388894218626, 0.47166711940190476, 0.44852491069282413]
Score: 0.4540  Scores: [0.48808178453637946, 0.4462730923354042, 0.41478147052925113, 0.4549388894218626, 0.47166711940190476, 0.44852491069282413]
Score: 0.4540  Scores: [0.48808178453637946, 0.4462730923354042, 0.41478147052925113, 0.4549388894218626, 0.47166711940190476, 0.44852491069282413]
Score: 0.4540  Scores: [0.48808178453637946, 0.4462730923354042, 0.41478147052925113, 0.4549388894218626, 0.47166711940190476, 0.44852491069282413]
Score: 0.4540  Scores: [0.48808178453637946, 0.4462730923354042, 0.41478147052925113, 0.4549388894218626, 0.47166711940190476, 0.44852491069282413]
Score: 0.4540  Scores: [0.48808178453637946, 0.4462730923354042, 0.41478147052925113, 0.4549388894218626, 0.47166711940190476, 0.44852491069282413]
Score: 0.4540  Scores: [0.48808178453637946, 0.4462730923354042, 0.41478147052925113, 0.4549388894218626, 0.47166711940190476, 0.44852491069282413]
Score: 0.4540  Scores: [0.48808178453637946, 0.4462730923354042, 0.41478147052925113, 0.4549388894218626, 0.47166711940190476, 0.44852491069282413]
Score: 0.4540  Scores: [0.48808178453637946, 0.4462730923354042, 0.41478147052925113, 0.4549388894218626, 0.47166711940190476, 0.44852491069282413]
Score: 0.4540  Scores: [0.48808178453637946, 0.4462730923354042, 0.41478147052925113, 0.4549388894218626, 0.47166711940190476, 0.44852491069282413]
Score: 0.4540  Scores: [0.48808178453637946, 0.4462730923354042, 0.41478147052925113, 0.4549388894218626, 0.47166711940190476, 0.44852491069282413]
Score: 0.4540  Scores: [0.48808178453637946, 0.4462730923354042, 0.41478147052925113, 0.4549388894218626, 0.47166711940190476, 0.44852491069282413]
Score: 0.4540  Scores: [0.48808178453637946, 0.4462730923354042, 0.41478147052925113, 0.4549388894218626, 0.47166711940190476, 0.44852491069282413]
Score: 0.4540  Scores: [0.48808178453637946, 0.4462730923354042, 0.41478147052925113, 0.4549388894218626, 0.47166711940190476, 0.44852491069282413]
Score: 0.4540  Scores: [0.48808178453637946, 0.4462730923354042, 0.41478147052925113, 0.4549388894218626, 0.47166711940190476, 0.44852491069282413]
Score: 0.4540  Scores: [0.48808178453637946, 0.4462730923354042, 0.41478147052925113, 0.4549388894218626, 0.47166711940190476, 0.44852491069282413]
Score: 0.4540  Scores: [0.48808178453637946, 0.4462730923354042, 0.41478147052925113, 0.4549388894218626, 0.47166711940190476, 0.44852491069282413]
Score: 0.4540  Scores: [0.48808178453637946, 0.4462730923354042, 0.41478147052925113, 0.4549388894218626, 0.47166711940190476, 0.44852491069282413]
Score: 0.4540  Scores: [0.48808178453637946, 0.4462730923354042, 0.41478147052925113, 0.4549388894218626, 0.47166711940190476, 0.44852491069282413]
Score: 0.4540  Scores: [0.48808178453637946, 0.4462730923354042, 0.41478147052925113, 0.4549388894218626, 0.47166711940190476, 0.44852491069282413]
Score: 0.4540  Scores: [0.48808178453637946, 0.4462730923354042, 0.41478147052925113, 0.4549388894218626, 0.47166711940190476, 0.44852491069282413]
Score: 0.4540  Scores: [0.48808178453637946, 0.4462730923354042, 0.41478147052925113, 0.4549388894218626, 0.47166711940190476, 0.44852491069282413]
Score: 0.4540  Scores: [0.48808178453637946, 0.4462730923354042, 0.41478147052925113, 0.4549388894218626, 0.47166711940190476, 0.44852491069282413]
Score: 0.4540  Scores: [0.48808178453637946, 0.4462730923354042, 0.41478147052925113, 0.4549388894218626, 0.47166711940190476, 0.44852491069282413]
Score: 0.4540  Scores: [0.48808178453637946, 0.4462730923354042, 0.41478147052925113, 0.4549388894218626, 0.47166711940190476, 0.44852491069282413]
Score: 0.4540  Scores: [0.48808178453637946, 0.4462730923354042, 0.41478147052925113, 0.4549388894218626, 0.47166711940190476, 0.44852491069282413]
Score: 0.4540  Scores: [0.48808178453637946, 0.4462730923354042, 0.41478147052925113, 0.4549388894218626, 0.47166711940190476, 0.44852491069282413]
Score: 0.4540  Scores: [0.48808178453637946, 0.4462730923354042, 0.41478147052925113, 0.4549388894218626, 0.47166711940190476, 0.44852491069282413]
Score: 0.4540  Scores: [0.48808178453637946, 0.4462730923354042, 0.41478147052925113, 0.4549388894218626, 0.47166711940190476, 0.44852491069282413]
Score: 0.4540  Scores: [0.48808178453637946, 0.4462730923354042, 0.41478147052925113, 0.4549388894218626, 0.47166711940190476, 0.44852491069282413]
Score: 0.4540  Scores: [0.48808178453637946, 0.4462730923354042, 0.41478147052925113, 0.4549388894218626, 0.47166711940190476, 0.44852491069282413]
Score: 0.4540  Scores: [0.48808178453637946, 0.4462730923354042, 0.41478147052925113, 0.4549388894218626, 0.47166711940190476, 0.44852491069282413]
Score: 0.4540  Scores: [0.48808178453637946, 0.4462730923354042, 0.41478147052925113, 0.4549388894218626, 0.47166711940190476, 0.44852491069282413]
Score: 0.4540  Scores: [0.48808178453637946, 0.4462730923354042, 0.41478147052925113, 0.4549388894218626, 0.47166711940190476, 0.44852491069282413]
Score: 0.4540  Scores: [0.48808178453637946, 0.4462730923354042, 0.41478147052925113, 0.4549388894218626, 0.47166711940190476, 0.44852491069282413]
Score: 0.4540  Scores: [0.48808178453637946, 0.4462730923354042, 0.41478147052925113, 0.4549388894218626, 0.47166711940190476, 0.44852491069282413]
Score: 0.4540  Scores: [0.48808178453637946, 0.4462730923354042, 0.41478147052925113, 0.4549388894218626, 0.47166711940190476, 0.44852491069282413]
